<?xml version="1.0" encoding="UTF-8"?>
<!-- Generated by org.testng.reporters.JUnitXMLReporter -->
<testsuite hostname="B1016216" ignored="0" name="Default test" tests="29" failures="1" timestamp="27 Aug 2019 12:14:56 GMT" time="77.341" errors="0">
  <testcase name="GetPageTest" time="2.906" classname="Citroen.ResultPageCompoTestAC"/>
  <testcase name="TestTitletext" time="6.074" classname="Citroen.ResultPageCompoTestAC"/>
  <testcase name="TestDeliveryDateText" time="2.048" classname="Citroen.ResultPageCompoTestAC"/>
  <testcase name="TestVHCardOptionPicto" time="2.042" classname="Citroen.ResultPageCompoTestAC"/>
  <testcase name="TestDisplayOptionsListVHCard" time="4.346" classname="Citroen.ResultPageCompoTestAC"/>
  <testcase name="TestConsoCTAText" time="2.055" classname="Citroen.ResultPageCompoTestAC"/>
  <testcase name="TestConsoCTAPictoPresent" time="2.054" classname="Citroen.ResultPageCompoTestAC"/>
  <testcase name="TestConsoCTAPictoClick" time="4.323" classname="Citroen.ResultPageCompoTestAC"/>
  <testcase name="TestEnergyVHCardText" time="2.116" classname="Citroen.ResultPageCompoTestAC"/>
  <testcase name="TestVHCardEnergyPictoDisplayed" time="2.06" classname="Citroen.ResultPageCompoTestAC"/>
  <testcase name="TestVHCardCO2text" time="2.068" classname="Citroen.ResultPageCompoTestAC"/>
  <testcase name="TestVHCardCO2PictoDisplayed" time="2.074" classname="Citroen.ResultPageCompoTestAC"/>
  <testcase name="VHCardClassificationText" time="2.13" classname="Citroen.ResultPageCompoTestAC"/>
  <testcase name="TestVHCardBakgroundPictoClassifiDisplayed" time="2.081" classname="Citroen.ResultPageCompoTestAC"/>
  <testcase name="TestVHRemiseBackgroundDisplayed" time="2.066" classname="Citroen.ResultPageCompoTestAC"/>
  <testcase name="TestDiscountTitle" time="2.07" classname="Citroen.ResultPageCompoTestAC"/>
  <testcase name="TestDiscountPrice" time="2.118" classname="Citroen.ResultPageCompoTestAC"/>
  <testcase name="TestVHCardDisplayed" time="2.051" classname="Citroen.ResultPageCompoTestAC"/>
  <testcase name="TestLegalMentions" time="2.098" classname="Citroen.ResultPageCompoTestAC"/>
  <testcase name="TestVHAvalaible" time="2.098" classname="Citroen.ResultPageCompoTestAC"/>
  <testcase name="PaginationDisplayed" time="2.054" classname="Citroen.ResultPageCompoTestAC"/>
  <testcase name="TestPageNumber1" time="5.111" classname="Citroen.ResultPageCompoTestAC"/>
  <testcase name="TestTotalPages" time="6.236" classname="Citroen.ResultPageCompoTestAC">
    <failure type="java.lang.AssertionError">
      <![CDATA[java.lang.AssertionError
at Citroen.ResultPageCompoTestAC.TestTotalPages(ResultPageCompoTestAC.java:202)
at sun.reflect.NativeMethodAccessorImpl.invoke0(Native Method)
at sun.reflect.NativeMethodAccessorImpl.invoke(NativeMethodAccessorImpl.java:62)
at sun.reflect.DelegatingMethodAccessorImpl.invoke(DelegatingMethodAccessorImpl.java:43)
at java.lang.reflect.Method.invoke(Method.java:498)
at org.testng.internal.MethodInvocationHelper.invokeMethod(MethodInvocationHelper.java:124)
at org.testng.internal.Invoker.invokeMethod(Invoker.java:580)
at org.testng.internal.Invoker.invokeTestMethod(Invoker.java:716)
at org.testng.internal.Invoker.invokeTestMethods(Invoker.java:988)
at org.testng.internal.TestMethodWorker.invokeTestMethods(TestMethodWorker.java:125)
at org.testng.internal.TestMethodWorker.run(TestMethodWorker.java:109)
at org.testng.TestRunner.privateRun(TestRunner.java:648)
at org.testng.TestRunner.run(TestRunner.java:505)
at org.testng.SuiteRunner.runTest(SuiteRunner.java:455)
at org.testng.SuiteRunner.runSequentially(SuiteRunner.java:450)
at org.testng.SuiteRunner.privateRun(SuiteRunner.java:415)
at org.testng.SuiteRunner.run(SuiteRunner.java:364)
at org.testng.SuiteRunnerWorker.runSuite(SuiteRunnerWorker.java:52)
at org.testng.SuiteRunnerWorker.run(SuiteRunnerWorker.java:84)
at org.testng.TestNG.runSuitesSequentially(TestNG.java:1208)
at org.testng.TestNG.runSuitesLocally(TestNG.java:1137)
at org.testng.TestNG.runSuites(TestNG.java:1049)
at org.testng.TestNG.run(TestNG.java:1017)
at org.testng.remote.AbstractRemoteTestNG.run(AbstractRemoteTestNG.java:114)
at org.testng.remote.RemoteTestNG.initAndRun(RemoteTestNG.java:251)
at org.testng.remote.RemoteTestNG.main(RemoteTestNG.java:77)
]]>
    </failure>
  </testcase> <!-- TestTotalPages -->
  <testcase name="GetPageTest2" time="1.467" classname="Citroen.ResultPageCompoTestAC"/>
  <testcase name="TestCTANextPageBackground" time="2.067" classname="Citroen.ResultPageCompoTestAC"/>
  <testcase name="TestCTANextPageText" time="2.055" classname="Citroen.ResultPageCompoTestAC"/>
  <testcase name="TestCTAPrevPageBackground" time="2.048" classname="Citroen.ResultPageCompoTestAC"/>
  <testcase name="TestCTAPrevPageText" time="2.054" classname="Citroen.ResultPageCompoTestAC"/>
  <testcase name="TestSortingMenuDisplayed" time="3.285" classname="Citroen.ResultPageCompoTestAC"/>
</testsuite> <!-- Default test -->
